<?xml version="1.0" encoding="UTF-8"?>
<testng-results skipped="0" failed="0" ignored="0" total="4" passed="4">
  <reporter-output>
  </reporter-output>
  <suite name="Default suite" duration-ms="16172" started-at="2017-08-17T06:19:29Z" finished-at="2017-08-17T06:19:45Z">
    <groups>
    </groups>
    <test name="Default test" duration-ms="16172" started-at="2017-08-17T06:19:29Z" finished-at="2017-08-17T06:19:45Z">
      <class name="ecshop.ecshopTest">
        <test-method status="PASS" signature="beforeClass()[pri:0, instance:ecshop.ecshopTest@1a968a59]" name="beforeClass" is-config="true" duration-ms="4485" started-at="2017-08-17T14:19:29Z" finished-at="2017-08-17T14:19:34Z">
          <reporter-output>
          </reporter-output>
        </test-method> <!-- beforeClass -->
        <test-method status="PASS" signature="login()[pri:1, instance:ecshop.ecshopTest@1a968a59]" name="login" duration-ms="1014" started-at="2017-08-17T14:19:34Z" finished-at="2017-08-17T14:19:35Z">
          <reporter-output>
          </reporter-output>
        </test-method> <!-- login -->
        <test-method status="PASS" signature="serch()[pri:2, instance:ecshop.ecshopTest@1a968a59]" name="serch" duration-ms="2108" started-at="2017-08-17T14:19:35Z" finished-at="2017-08-17T14:19:37Z">
          <reporter-output>
          </reporter-output>
        </test-method> <!-- serch -->
        <test-method status="PASS" signature="delivery()[pri:3, instance:ecshop.ecshopTest@1a968a59]" name="delivery" duration-ms="6280" started-at="2017-08-17T14:19:37Z" finished-at="2017-08-17T14:19:43Z">
          <reporter-output>
          </reporter-output>
        </test-method> <!-- delivery -->
        <test-method status="PASS" signature="confirmgoods()[pri:4, instance:ecshop.ecshopTest@1a968a59]" name="confirmgoods" duration-ms="1846" started-at="2017-08-17T14:19:43Z" finished-at="2017-08-17T14:19:45Z">
          <reporter-output>
          </reporter-output>
        </test-method> <!-- confirmgoods -->
        <test-method status="PASS" signature="afterClass()[pri:0, instance:ecshop.ecshopTest@1a968a59]" name="afterClass" is-config="true" duration-ms="397" started-at="2017-08-17T14:19:45Z" finished-at="2017-08-17T14:19:45Z">
          <reporter-output>
          </reporter-output>
        </test-method> <!-- afterClass -->
      </class> <!-- ecshop.ecshopTest -->
    </test> <!-- Default test -->
  </suite> <!-- Default suite -->
</testng-results>
